<?xml version="1.0" encoding="UTF-8"?>
<Site BuildName="(empty)"
	BuildStamp="20210717-0522-Experimental"
	Name="(empty)"
	Generator="ctest-3.16.3"
	CompilerName=""
	CompilerVersion=""
	OSName="Linux"
	Hostname="erfan-System-Product-Name"
	OSRelease="5.8.0-55-generic"
	OSVersion="#62~20.04.1-Ubuntu SMP Wed Jun 2 08:55:04 UTC 2021"
	OSPlatform="x86_64"
	Is64Bits="1"
	VendorString="GenuineIntel"
	VendorID="Intel Corporation"
	FamilyID="6"
	ModelID="42"
	ProcessorCacheSize="6144"
	NumberOfLogicalCPU="4"
	NumberOfPhysicalCPU="4"
	TotalVirtualMemory="2047"
	TotalPhysicalMemory="3882"
	LogicalProcessorsPerPhysical="1"
	ProcessorClockFrequency="2801.15"
	>
	<Testing>
		<StartDateTime>Jul 17 09:52 +0430</StartDateTime>
		<StartTestTime>1626499320</StartTestTime>
		<TestList/>
		<EndDateTime>Jul 17 09:52 +0430</EndDateTime>
		<EndTestTime>1626499320</EndTestTime>
		<ElapsedMinutes>0</ElapsedMinutes>
	</Testing>
</Site>
